200401 024657.821|CONFIG|AWT-EventQueue-0|setFileHandlers|Now logging to /home/phamthainb/Desktop/ptit/c-ptit/pc2Client/bin/logs directory.
200401 024657.823|INFO|AWT-EventQueue-0|info|
200401 024657.823|INFO|AWT-EventQueue-0|info|Version 9.6.0 20190102 (Wednesday, January 2nd 2019 01:20 UTC) Java ver 11.0.6 build 5102 Linux 5.3.0-40-generic (amd64) 
200401 024657.824|INFO|AWT-EventQueue-0|info|Login: 835 (aka team835)
200401 024657.824|INFO|AWT-EventQueue-0|startLog|Working directory is /home/phamthainb/Desktop/ptit/c-ptit/pc2Client/bin
200401 024657.826|INFO|AWT-EventQueue-0|startLog|Process id is 6844@heyy
200401 024657.827|INFO|AWT-EventQueue-0|info|Contacting server at 203.162.10.117:50002 as TEAM835 @ site 0
200401 024657.827|INFO|AWT-EventQueue-0|info|sendLoginRequest start - sending from TEAM835 @ site 0
200401 024657.833|INFO|AWT-EventQueue-0|sendToLocalServer|Sending packet to server Packet[LOGIN_REQUEST] #1 TEAM835 @ site 0 -> SERVER0 @ site 0
200401 024657.834|INFO|Thread-1|run|send(Serializable)
200401 024657.835|INFO|AWT-EventQueue-0|sendToLocalServer|Sent    packet to server Packet[LOGIN_REQUEST] #1 TEAM835 @ site 0 -> SERVER0 @ site 0
200401 024657.836|INFO|AWT-EventQueue-0|info|sendLoginRequest end - packet sent.
200401 024658.009|INFO|Thread-0|receive|public void receive(SealedObject TransportPacket, ConnectionHandlerID connectionHandlerID)
200401 024658.119|INFO|Thread-2|info| receiveObject(S) start got Packet[LOGIN_SUCCESS] #36294 SERVER0 @ site 1 -> TEAM835 @ site 1
200401 024658.120|INFO|Thread-2|dumpPacket|Packet LOGIN_SUCCESS (Seq #36294, o#36294 ) recieveObject
200401 024658.120|INFO|Thread-2|dumpPacket|  From: SERVER0 @ site 1, oSERVER0 @ site 1 (CNTT1-CNPM @ 10.170.100.147) (Contest Id: Default-7332637654837334181)
200401 024658.121|INFO|Thread-2|dumpPacket|    To: TEAM835 @ site 1
200401 024658.121|INFO|Thread-2|dumpPacket|   key: PROFILE_LIST is: [Ledu.csus.ecs.pc2.core.model.Profile; [Ledu.csus.ecs.pc2.core.model.Profile;@1617d3c7
200401 024658.122|INFO|Thread-2|dumpPacket|   key: GENERAL_PROBLEM is: edu.csus.ecs.pc2.core.model.Problem General
200401 024658.122|INFO|Thread-2|dumpPacket|   key: CLIENT_SETTINGS_LIST is: [Ledu.csus.ecs.pc2.core.model.ClientSettings; [Ledu.csus.ecs.pc2.core.model.ClientSettings;@18d02f75
200401 024658.122|INFO|Thread-2|dumpPacket|   key: CONTEST_TIME is: edu.csus.ecs.pc2.core.model.ContestTime edu.csus.ecs.pc2.core.model.ContestTime@1cefb8b7
200401 024658.122|INFO|Thread-2|dumpPacket|   key: CLARIFICATION_LIST is: [Ledu.csus.ecs.pc2.core.model.Clarification; [Ledu.csus.ecs.pc2.core.model.Clarification;@59ed254e
200401 024658.123|INFO|Thread-2|dumpPacket|   key: CATEGORY_LIST is: [Ledu.csus.ecs.pc2.core.model.Category; [Ledu.csus.ecs.pc2.core.model.Category;@71cc5c5f
200401 024658.123|INFO|Thread-2|dumpPacket|   key: LANGUAGE_LIST is: [Ledu.csus.ecs.pc2.core.model.Language; [Ledu.csus.ecs.pc2.core.model.Language;@687e7e94
200401 024658.123|INFO|Thread-2|dumpPacket|   key: REMOTE_LOGGED_IN_USERS is: [Ledu.csus.ecs.pc2.core.model.ClientId; [Ledu.csus.ecs.pc2.core.model.ClientId;@9b5592c
200401 024658.124|INFO|Thread-2|dumpPacket|   key: CONTEST_TIME_LIST is: [Ledu.csus.ecs.pc2.core.model.ContestTime; [Ledu.csus.ecs.pc2.core.model.ContestTime;@39c2da01
200401 024658.124|INFO|Thread-2|dumpPacket|   key: CONNECTION_HANDLE_ID_LIST is: [Ledu.csus.ecs.pc2.core.transport.ConnectionHandlerID; [Ledu.csus.ecs.pc2.core.transport.ConnectionHandlerID;@2aff57c2
200401 024658.124|INFO|Thread-2|dumpPacket|   key: PROFILE is: edu.csus.ecs.pc2.core.model.Profile Default-2330682217129762557
200401 024658.125|INFO|Thread-2|dumpPacket|   key: CLIENT_ID is: edu.csus.ecs.pc2.core.model.ClientId TEAM835 @ site 1
200401 024658.125|INFO|Thread-2|dumpPacket|   key: SITE_NUMBER is: java.lang.Integer 1
200401 024658.125|INFO|Thread-2|dumpPacket|   key: CONTEST_INFORMATION is: edu.csus.ecs.pc2.core.model.ContestInformation edu.csus.ecs.pc2.core.model.ContestInformation@31ee06d7
200401 024658.126|INFO|Thread-2|dumpPacket|   key: SITE_LIST is: [Ledu.csus.ecs.pc2.core.model.Site; [Ledu.csus.ecs.pc2.core.model.Site;@12b155ff
200401 024658.126|INFO|Thread-2|dumpPacket|   key: PROBLEM_DATA_FILES is: [Ledu.csus.ecs.pc2.core.model.ProblemDataFiles; [Ledu.csus.ecs.pc2.core.model.ProblemDataFiles;@3d8c877a
200401 024658.126|INFO|Thread-2|dumpPacket|   key: JUDGEMENT_LIST is: [Ledu.csus.ecs.pc2.core.model.Judgement; [Ledu.csus.ecs.pc2.core.model.Judgement;@6d1d964e
200401 024658.126|INFO|Thread-2|dumpPacket|   key: PROBLEM_LIST is: [Ledu.csus.ecs.pc2.core.model.Problem; [Ledu.csus.ecs.pc2.core.model.Problem;@2c04fd84
200401 024658.127|INFO|Thread-2|dumpPacket|   key: GROUP_LIST is: [Ledu.csus.ecs.pc2.core.model.Group; [Ledu.csus.ecs.pc2.core.model.Group;@34025b56
200401 024658.127|INFO|Thread-2|dumpPacket|   key: LOCAL_LOGGED_IN_USERS is: [Ledu.csus.ecs.pc2.core.model.ClientId; [Ledu.csus.ecs.pc2.core.model.ClientId;@6d6cadfb
200401 024658.127|INFO|Thread-2|dumpPacket|   key: SERVER_CLOCK_OFFSET is: java.util.GregorianCalendar java.util.GregorianCalendar[time=1585684017755,areFieldsSet=true,areAllFieldsSet=false,lenient=true,zone=sun.util.calendar.ZoneInfo[id="GMT",offset=0,dstSavings=0,useDaylight=false,transitions=0,lastRule=null],firstDayOfWeek=1,minimalDaysInFirstWeek=1,ERA=1,YEAR=2020,MONTH=2,WEEK_OF_YEAR=14,WEEK_OF_MONTH=5,DAY_OF_MONTH=31,DAY_OF_YEAR=91,DAY_OF_WEEK=3,DAY_OF_WEEK_IN_MONTH=5,AM_PM=1,HOUR=7,HOUR_OF_DAY=19,MINUTE=46,SECOND=57,MILLISECOND=755,ZONE_OFFSET=0,DST_OFFSET=0]
200401 024658.128|INFO|Thread-2|dumpPacket|   key: CONTEST_IDENTIFIER is: java.lang.String Default-7332637654837334181
200401 024658.128|INFO|Thread-2|dumpPacket|   key: BALLOON_SETTINGS_LIST is: [Ledu.csus.ecs.pc2.core.model.BalloonSettings; [Ledu.csus.ecs.pc2.core.model.BalloonSettings;@6c42e9fe
200401 024658.128|INFO|Thread-2|dumpPacket|   key: RUN_LIST is: [Ledu.csus.ecs.pc2.core.model.Run; [Ledu.csus.ecs.pc2.core.model.Run;@6721c12f
200401 024658.129|INFO|Thread-2|dumpPacket|   key: ACCOUNT_ARRAY is: [Ledu.csus.ecs.pc2.core.model.Account; [Ledu.csus.ecs.pc2.core.model.Account;@415ffe76
200401 024658.129|INFO|Thread-2|info|handlePacket start Packet[LOGIN_SUCCESS] #36294 SERVER0 @ site 1 -> TEAM835 @ site 1
200401 024658.129|INFO|Thread-2|dumpPacket|Packet LOGIN_SUCCESS (Seq #36294, o#36294 ) handlePacket
200401 024658.129|INFO|Thread-2|dumpPacket|  From: SERVER0 @ site 1, oSERVER0 @ site 1 (CNTT1-CNPM @ 10.170.100.147) (Contest Id: Default-7332637654837334181)
200401 024658.130|INFO|Thread-2|dumpPacket|    To: TEAM835 @ site 1
200401 024658.130|INFO|Thread-2|dumpPacket|   key: PROFILE_LIST is: [Ledu.csus.ecs.pc2.core.model.Profile; [Ledu.csus.ecs.pc2.core.model.Profile;@1617d3c7
200401 024658.130|INFO|Thread-2|dumpPacket|   key: GENERAL_PROBLEM is: edu.csus.ecs.pc2.core.model.Problem General
200401 024658.131|INFO|Thread-2|dumpPacket|   key: CLIENT_SETTINGS_LIST is: [Ledu.csus.ecs.pc2.core.model.ClientSettings; [Ledu.csus.ecs.pc2.core.model.ClientSettings;@18d02f75
200401 024658.131|INFO|Thread-2|dumpPacket|   key: CONTEST_TIME is: edu.csus.ecs.pc2.core.model.ContestTime edu.csus.ecs.pc2.core.model.ContestTime@1cefb8b7
200401 024658.131|INFO|Thread-2|dumpPacket|   key: CLARIFICATION_LIST is: [Ledu.csus.ecs.pc2.core.model.Clarification; [Ledu.csus.ecs.pc2.core.model.Clarification;@59ed254e
200401 024658.131|INFO|Thread-2|dumpPacket|   key: CATEGORY_LIST is: [Ledu.csus.ecs.pc2.core.model.Category; [Ledu.csus.ecs.pc2.core.model.Category;@71cc5c5f
200401 024658.132|INFO|Thread-2|dumpPacket|   key: LANGUAGE_LIST is: [Ledu.csus.ecs.pc2.core.model.Language; [Ledu.csus.ecs.pc2.core.model.Language;@687e7e94
200401 024658.132|INFO|Thread-2|dumpPacket|   key: REMOTE_LOGGED_IN_USERS is: [Ledu.csus.ecs.pc2.core.model.ClientId; [Ledu.csus.ecs.pc2.core.model.ClientId;@9b5592c
200401 024658.132|INFO|Thread-2|dumpPacket|   key: CONTEST_TIME_LIST is: [Ledu.csus.ecs.pc2.core.model.ContestTime; [Ledu.csus.ecs.pc2.core.model.ContestTime;@39c2da01
200401 024658.133|INFO|Thread-2|dumpPacket|   key: CONNECTION_HANDLE_ID_LIST is: [Ledu.csus.ecs.pc2.core.transport.ConnectionHandlerID; [Ledu.csus.ecs.pc2.core.transport.ConnectionHandlerID;@2aff57c2
200401 024658.133|INFO|Thread-2|dumpPacket|   key: PROFILE is: edu.csus.ecs.pc2.core.model.Profile Default-2330682217129762557
200401 024658.133|INFO|Thread-2|dumpPacket|   key: CLIENT_ID is: edu.csus.ecs.pc2.core.model.ClientId TEAM835 @ site 1
200401 024658.133|INFO|Thread-2|dumpPacket|   key: SITE_NUMBER is: java.lang.Integer 1
200401 024658.133|INFO|Thread-2|dumpPacket|   key: CONTEST_INFORMATION is: edu.csus.ecs.pc2.core.model.ContestInformation edu.csus.ecs.pc2.core.model.ContestInformation@31ee06d7
200401 024658.134|INFO|Thread-2|dumpPacket|   key: SITE_LIST is: [Ledu.csus.ecs.pc2.core.model.Site; [Ledu.csus.ecs.pc2.core.model.Site;@12b155ff
200401 024658.134|INFO|Thread-2|dumpPacket|   key: PROBLEM_DATA_FILES is: [Ledu.csus.ecs.pc2.core.model.ProblemDataFiles; [Ledu.csus.ecs.pc2.core.model.ProblemDataFiles;@3d8c877a
200401 024658.134|INFO|Thread-2|dumpPacket|   key: JUDGEMENT_LIST is: [Ledu.csus.ecs.pc2.core.model.Judgement; [Ledu.csus.ecs.pc2.core.model.Judgement;@6d1d964e
200401 024658.134|INFO|Thread-2|dumpPacket|   key: PROBLEM_LIST is: [Ledu.csus.ecs.pc2.core.model.Problem; [Ledu.csus.ecs.pc2.core.model.Problem;@2c04fd84
200401 024658.135|INFO|Thread-2|dumpPacket|   key: GROUP_LIST is: [Ledu.csus.ecs.pc2.core.model.Group; [Ledu.csus.ecs.pc2.core.model.Group;@34025b56
200401 024658.135|INFO|Thread-2|dumpPacket|   key: LOCAL_LOGGED_IN_USERS is: [Ledu.csus.ecs.pc2.core.model.ClientId; [Ledu.csus.ecs.pc2.core.model.ClientId;@6d6cadfb
200401 024658.135|INFO|Thread-2|dumpPacket|   key: SERVER_CLOCK_OFFSET is: java.util.GregorianCalendar java.util.GregorianCalendar[time=1585684017755,areFieldsSet=true,areAllFieldsSet=false,lenient=true,zone=sun.util.calendar.ZoneInfo[id="GMT",offset=0,dstSavings=0,useDaylight=false,transitions=0,lastRule=null],firstDayOfWeek=1,minimalDaysInFirstWeek=1,ERA=1,YEAR=2020,MONTH=2,WEEK_OF_YEAR=14,WEEK_OF_MONTH=5,DAY_OF_MONTH=31,DAY_OF_YEAR=91,DAY_OF_WEEK=3,DAY_OF_WEEK_IN_MONTH=5,AM_PM=1,HOUR=7,HOUR_OF_DAY=19,MINUTE=46,SECOND=57,MILLISECOND=755,ZONE_OFFSET=0,DST_OFFSET=0]
200401 024658.135|INFO|Thread-2|dumpPacket|   key: CONTEST_IDENTIFIER is: java.lang.String Default-7332637654837334181
200401 024658.136|INFO|Thread-2|dumpPacket|   key: BALLOON_SETTINGS_LIST is: [Ledu.csus.ecs.pc2.core.model.BalloonSettings; [Ledu.csus.ecs.pc2.core.model.BalloonSettings;@6c42e9fe
200401 024658.136|INFO|Thread-2|dumpPacket|   key: RUN_LIST is: [Ledu.csus.ecs.pc2.core.model.Run; [Ledu.csus.ecs.pc2.core.model.Run;@6721c12f
200401 024658.136|INFO|Thread-2|dumpPacket|   key: ACCOUNT_ARRAY is: [Ledu.csus.ecs.pc2.core.model.Account; [Ledu.csus.ecs.pc2.core.model.Account;@415ffe76
